2024-08-22T08:39:51	---------------------------------
2024-08-22T08:39:51	Inserting 10_000_000 users ...
2024-08-22T08:39:51	Batch size: 10_000
2024-08-22T08:39:51	INNODB_FLUSH_LOG_AT_TRX_COMMIT: 0
2024-08-22T08:39:51	Insertion started at: 2024-08-22T08:39:51.326Z
2024-08-22T08:41:20	Insertion ended at: 2024-08-22T08:41:20.962Z
2024-08-22T08:41:21	Total time taken: 1m 29s 633ms
2024-08-22T08:41:21	All users inserted.
2024-08-22T08:58:08	---------------------------------
2024-08-22T08:58:08	Inserting 1_000_000 users ...
2024-08-22T08:58:08	Batch size: 10_000
2024-08-22T08:58:08	INNODB_FLUSH_LOG_AT_TRX_COMMIT: 0
2024-08-22T08:58:08	Insertion started at: 2024-08-22T08:58:08.197Z
2024-08-22T08:58:17	Insertion ended at: 2024-08-22T08:58:17.822Z
2024-08-22T08:58:17	Total time taken: 0m 9s 626ms
2024-08-22T08:58:17	All users inserted.
2024-08-22T09:20:11	---------------------------------
2024-08-22T09:20:11	Inserting 10_000_000 users ...
2024-08-22T09:20:11	Batch size: 200_000
2024-08-22T09:20:11	INNODB_FLUSH_LOG_AT_TRX_COMMIT: 0
2024-08-22T09:20:11	Insertion started at: 2024-08-22T09:20:11.167Z
2024-08-22T09:22:53	Insertion ended at: 2024-08-22T09:22:53.691Z
2024-08-22T09:22:53	Total time taken: 2m 42s 524ms
2024-08-22T09:22:53	All users inserted.
2024-08-22T09:32:29	---------------------------------
2024-08-22T09:32:29	Inserting 10_000_000 users ...
2024-08-22T09:32:29	Batch size: 10_000
2024-08-22T09:32:29	INNODB_FLUSH_LOG_AT_TRX_COMMIT: 1
2024-08-22T09:32:29	Insertion started at: 2024-08-22T09:32:29.233Z
2024-08-22T09:34:16	Insertion ended at: 2024-08-22T09:34:16.930Z
2024-08-22T09:34:16	Total time taken: 1m 47s 697ms
2024-08-22T09:34:16	All users inserted.
2024-08-22T09:42:49	---------------------------------
2024-08-22T09:42:49	Inserting 1_000_000 users ...
2024-08-22T09:42:49	Batch size: 10_000
2024-08-22T09:42:49	INNODB_FLUSH_LOG_AT_TRX_COMMIT: 1
2024-08-22T09:42:49	Insertion started at: 2024-08-22T09:42:49.484Z
2024-08-22T09:42:59	Insertion ended at: 2024-08-22T09:42:59.777Z
2024-08-22T09:42:59	Total time taken: 0m 10s 295ms
2024-08-22T09:42:59	All users inserted.
2024-08-22T09:44:09	---------------------------------
2024-08-22T09:44:09	Inserting 10_000_000 users ...
2024-08-22T09:44:09	Batch size: 200_000
2024-08-22T09:44:09	INNODB_FLUSH_LOG_AT_TRX_COMMIT: 1
2024-08-22T09:44:09	Insertion started at: 2024-08-22T09:44:09.986Z
2024-08-22T09:46:57	Insertion ended at: 2024-08-22T09:46:57.476Z
2024-08-22T09:46:57	Total time taken: 2m 47s 493ms
2024-08-22T09:46:57	All users inserted.
2024-08-22T09:54:48	---------------------------------
2024-08-22T09:54:48	Inserting 10_000_000 users ...
2024-08-22T09:54:48	Batch size: 200_000
2024-08-22T09:54:48	INNODB_FLUSH_LOG_AT_TRX_COMMIT: 2
2024-08-22T09:54:48	Insertion started at: 2024-08-22T09:54:48.322Z
2024-08-22T09:57:34	Insertion ended at: 2024-08-22T09:57:34.537Z
2024-08-22T09:57:34	Total time taken: 2m 46s 222ms
2024-08-22T09:57:34	All users inserted.
2024-08-22T09:58:32	---------------------------------
2024-08-22T09:58:32	Inserting 1_000_000 users ...
2024-08-22T09:58:32	Batch size: 10_000
2024-08-22T09:58:32	INNODB_FLUSH_LOG_AT_TRX_COMMIT: 2
2024-08-22T09:58:32	Insertion started at: 2024-08-22T09:58:32.199Z
2024-08-22T09:58:41	Insertion ended at: 2024-08-22T09:58:41.496Z
2024-08-22T09:58:41	Total time taken: 0m 9s 297ms
2024-08-22T09:58:41	All users inserted.
2024-08-22T10:00:25	---------------------------------
2024-08-22T10:00:25	Inserting 10_000_000 users ...
2024-08-22T10:00:25	Batch size: 10_000
2024-08-22T10:00:25	INNODB_FLUSH_LOG_AT_TRX_COMMIT: 2
2024-08-22T10:00:25	Insertion started at: 2024-08-22T10:00:25.792Z
2024-08-22T10:01:56	Insertion ended at: 2024-08-22T10:01:56.614Z
2024-08-22T10:01:56	Total time taken: 1m 30s 823ms
2024-08-22T10:01:56	All users inserted.
2024-08-22T10:51:23	---------------------------------
2024-08-22T10:51:23	Creating index with type: BTREE
2024-08-22T10:51:23	Start at: 2024-08-22T10:51:23.762Z
2024-08-22T10:53:29	Start at: 2024-08-22T10:53:29.074Z
2024-08-22T10:53:29	Delta time: 2m 5s 311ms
2024-08-22T14:53:02	---------------------------------
2024-08-22T14:53:02	Select data from users table
2024-08-22T14:53:02	Index type: BTREE
2024-08-22T14:53:02	LIMIT 500_000 rows
2024-08-22T14:53:02	---
2024-08-22T14:53:02	Querying data by username = john (without index)
2024-08-22T14:53:02	Start at: 2024-08-22T14:53:02.323Z
2024-08-22T14:54:12	End at: 2024-08-22T14:54:12.773Z
2024-08-22T14:54:12	Delta time: 1m 10s 451ms
2024-08-22T14:54:12	Selected 451411 rows
2024-08-22T14:54:12	---
2024-08-22T14:54:12	Querying data by birthdate < 1990-01-01 (with index)
2024-08-22T14:54:12	Start at: 2024-08-22T14:54:12.805Z
2024-08-22T14:56:47	End at: 2024-08-22T14:56:47.200Z
2024-08-22T14:56:47	Delta time: 2m 34s 395ms
2024-08-22T14:56:47	Selected 500000 rows
2024-08-22T14:56:47	Querying data by birthdate > 1990-01-01 (with index)
2024-08-22T14:56:47	Start at: 2024-08-22T14:56:47.249Z
2024-08-22T15:00:04	End at: 2024-08-22T15:00:04.188Z
2024-08-22T15:00:04	Delta time: 3m 16s 948ms
2024-08-22T15:00:04	Selected 500000 rows
2024-08-22T15:00:04	---
2024-08-22T15:00:04	Querying data by birthdate between 1990-01-01 and 2000-01-01 (with index)
2024-08-22T15:00:04	Start at: 2024-08-22T15:00:04.204Z
2024-08-22T15:03:29	End at: 2024-08-22T15:03:29.740Z
2024-08-22T15:03:29	Delta time: 3m 25s 536ms
2024-08-22T15:03:29	Selected 500000 rows
2024-08-22T15:03:29	---
2024-08-22T15:03:29	Querying data by birthdate = 1990-01-01 (with index)
2024-08-22T15:03:29	Start at: 2024-08-22T15:03:29.783Z
2024-08-22T15:03:30	End at: 2024-08-22T15:03:30.769Z
2024-08-22T15:03:30	Delta time: 0m 0s 986ms
2024-08-22T15:03:30	Selected 2884 rows
2024-08-22T15:03:30	---
2024-08-22T15:03:30	Connection closed
2024-08-22T15:13:05	---------------------------------
2024-08-22T15:13:05	Inserting 200_000 users ...
2024-08-22T15:13:05	Batch size: 10_000
2024-08-22T15:13:05	Index type: BTREE
2024-08-22T15:13:05	INNODB_FLUSH_LOG_AT_TRX_COMMIT: 0
2024-08-22T15:13:05	Insertion started at: 2024-08-22T15:13:05.913Z
2024-08-22T15:13:27	Insertion ended at: 2024-08-22T15:13:27.352Z
2024-08-22T15:13:27	Total time taken: 0m 21s 440ms
2024-08-22T15:13:27	All users inserted.
2024-08-22T15:15:33	---------------------------------
2024-08-22T15:15:33	Inserting 500_000 users ...
2024-08-22T15:15:33	Batch size: 100_000
2024-08-22T15:15:33	Index type: BTREE
2024-08-22T15:15:33	INNODB_FLUSH_LOG_AT_TRX_COMMIT: 0
2024-08-22T15:15:33	Insertion started at: 2024-08-22T15:15:33.978Z
2024-08-22T15:15:46	Insertion ended at: 2024-08-22T15:15:46.564Z
2024-08-22T15:15:46	Total time taken: 0m 12s 587ms
2024-08-22T15:15:46	All users inserted.
2024-08-22T15:18:58	---------------------------------
2024-08-22T15:18:58	Inserting 900_000 users ...
2024-08-22T15:18:58	Batch size: 300_000
2024-08-22T15:18:58	Index type: BTREE
2024-08-22T15:18:58	INNODB_FLUSH_LOG_AT_TRX_COMMIT: 0
2024-08-22T15:18:58	Insertion started at: 2024-08-22T15:18:58.831Z
2024-08-22T15:19:26	Insertion ended at: 2024-08-22T15:19:26.334Z
2024-08-22T15:19:26	Total time taken: 0m 27s 503ms
2024-08-22T15:19:26	All users inserted.
2024-08-22T15:22:04	---------------------------------
2024-08-22T15:22:04	Inserting 200_000 users ...
2024-08-22T15:22:04	Batch size: 10_000
2024-08-22T15:22:04	Index type: BTREE
2024-08-22T15:22:04	INNODB_FLUSH_LOG_AT_TRX_COMMIT: 1
2024-08-22T15:22:04	Insertion started at: 2024-08-22T15:22:04.464Z
2024-08-22T15:22:08	Insertion ended at: 2024-08-22T15:22:08.167Z
2024-08-22T15:22:08	Total time taken: 0m 3s 704ms /// QUESTION: Why is the time taken less then same insert with FLUSH_LOG_AT_TRX_COMMIT = 0?
2024-08-22T15:22:08	All users inserted.
2024-08-22T15:25:07	---------------------------------
2024-08-22T15:25:07	Inserting 500_000 users ...
2024-08-22T15:25:07	Batch size: 100_000
2024-08-22T15:25:07	Index type: BTREE
2024-08-22T15:25:07	INNODB_FLUSH_LOG_AT_TRX_COMMIT: 1
2024-08-22T15:25:07	Insertion started at: 2024-08-22T15:25:07.498Z
2024-08-22T15:25:22	Insertion ended at: 2024-08-22T15:25:22.904Z
2024-08-22T15:25:22	Total time taken: 0m 15s 407ms
2024-08-22T15:25:22	All users inserted.
2024-08-22T15:25:47	---------------------------------
2024-08-22T15:25:47	Inserting 900_000 users ...
2024-08-22T15:25:47	Batch size: 300_000
2024-08-22T15:25:47	Index type: BTREE
2024-08-22T15:25:47	INNODB_FLUSH_LOG_AT_TRX_COMMIT: 1
2024-08-22T15:25:47	Insertion started at: 2024-08-22T15:25:47.187Z
2024-08-22T15:26:10	Insertion ended at: 2024-08-22T15:26:10.971Z
2024-08-22T15:26:10	Total time taken: 0m 23s 785ms
2024-08-22T15:26:10	All users inserted.
2024-08-22T15:29:05	---------------------------------
2024-08-22T15:29:05	Inserting 200_000 users ...
2024-08-22T15:29:05	Batch size: 10_000
2024-08-22T15:29:05	Index type: BTREE
2024-08-22T15:29:05	INNODB_FLUSH_LOG_AT_TRX_COMMIT: 2
2024-08-22T15:29:05	Insertion started at: 2024-08-22T15:29:05.810Z
2024-08-22T15:29:09	Insertion ended at: 2024-08-22T15:29:09.505Z
2024-08-22T15:29:09	Total time taken: 0m 3s 695ms
2024-08-22T15:29:09	All users inserted.
2024-08-22T15:29:28	---------------------------------
2024-08-22T15:29:28	Inserting 500_000 users ...
2024-08-22T15:29:28	Batch size: 100_000
2024-08-22T15:29:28	Index type: BTREE
2024-08-22T15:29:28	INNODB_FLUSH_LOG_AT_TRX_COMMIT: 2
2024-08-22T15:29:28	Insertion started at: 2024-08-22T15:29:28.074Z
2024-08-22T15:29:42	Insertion ended at: 2024-08-22T15:29:42.417Z
2024-08-22T15:29:42	Total time taken: 0m 14s 343ms
2024-08-22T15:29:42	All users inserted.
2024-08-22T15:30:58	---------------------------------
2024-08-22T15:30:58	Inserting 900_000 users ...
2024-08-22T15:30:58	Batch size: 300_000
2024-08-22T15:30:58	Index type: BTREE
2024-08-22T15:30:58	INNODB_FLUSH_LOG_AT_TRX_COMMIT: 2
2024-08-22T15:30:58	Insertion started at: 2024-08-22T15:30:58.198Z
2024-08-22T15:31:22	Insertion ended at: 2024-08-22T15:31:22.487Z
2024-08-22T15:31:22	Total time taken: 0m 24s 289ms
2024-08-22T15:31:22	All users inserted.
2024-08-22T15:42:03	-------------------
2024-08-22T15:42:03	DROP index
2024-08-22T15:42:03	Start at: 2024-08-22T15:42:03.665Z
2024-08-22T15:42:04	End at: 2024-08-22T15:42:04.892Z
2024-08-22T15:42:04	Delta time: 0m 1s 227ms
2024-08-22T15:44:51	---------------------------------
2024-08-22T15:44:51	Inserting 200_000 users ...
2024-08-22T15:44:51	Batch size: 10_000
2024-08-22T15:44:51	Index type: DROP
2024-08-22T15:44:51	INNODB_FLUSH_LOG_AT_TRX_COMMIT: 2
2024-08-22T15:44:51	Insertion started at: 2024-08-22T15:44:51.514Z
2024-08-22T15:44:54	Insertion ended at: 2024-08-22T15:44:54.021Z
2024-08-22T15:44:54	Total time taken: 0m 2s 508ms
2024-08-22T15:44:54	All users inserted.
2024-08-22T15:45:44	---------------------------------
2024-08-22T15:45:44	Inserting 500_000 users ...
2024-08-22T15:45:44	Batch size: 100_000
2024-08-22T15:45:44	Index type: DROP
2024-08-22T15:45:44	INNODB_FLUSH_LOG_AT_TRX_COMMIT: 2
2024-08-22T15:45:44	Insertion started at: 2024-08-22T15:45:44.607Z
2024-08-22T15:45:54	Insertion ended at: 2024-08-22T15:45:54.172Z
2024-08-22T15:45:54	Total time taken: 0m 9s 565ms
2024-08-22T15:45:54	All users inserted.
2024-08-22T15:47:40	---------------------------------
2024-08-22T15:47:40	Inserting 900_000 users ...
2024-08-22T15:47:40	Batch size: 300_000
2024-08-22T15:47:40	Index type: DROP
2024-08-22T15:47:40	INNODB_FLUSH_LOG_AT_TRX_COMMIT: 2
2024-08-22T15:47:40	Insertion started at: 2024-08-22T15:47:40.529Z
2024-08-22T15:47:59	Insertion ended at: 2024-08-22T15:47:59.047Z
2024-08-22T15:47:59	Total time taken: 0m 18s 519ms
2024-08-22T15:47:59	All users inserted.
2024-08-22T15:50:10	---------------------------------
2024-08-22T15:50:10	Inserting 200_000 users ...
2024-08-22T15:50:10	Batch size: 10_000
2024-08-22T15:50:10	Index type: DROP
2024-08-22T15:50:10	INNODB_FLUSH_LOG_AT_TRX_COMMIT: 1
2024-08-22T15:50:10	Insertion started at: 2024-08-22T15:50:10.100Z
2024-08-22T15:50:12	Insertion ended at: 2024-08-22T15:50:12.482Z
2024-08-22T15:50:12	Total time taken: 0m 2s 383ms
2024-08-22T15:50:12	All users inserted.
2024-08-22T15:50:54	---------------------------------
2024-08-22T15:50:54	Inserting 500_000 users ...
2024-08-22T15:50:54	Batch size: 100_000
2024-08-22T15:50:54	Index type: DROP
2024-08-22T15:50:54	INNODB_FLUSH_LOG_AT_TRX_COMMIT: 1
2024-08-22T15:50:54	Insertion started at: 2024-08-22T15:50:54.639Z
2024-08-22T15:51:04	Insertion ended at: 2024-08-22T15:51:04.074Z
2024-08-22T15:51:04	Total time taken: 0m 9s 436ms
2024-08-22T15:51:04	All users inserted.
2024-08-22T15:51:48	---------------------------------
2024-08-22T15:51:48	Inserting 900_000 users ...
2024-08-22T15:51:48	Batch size: 300_000
2024-08-22T15:51:48	Index type: DROP
2024-08-22T15:51:48	INNODB_FLUSH_LOG_AT_TRX_COMMIT: 1
2024-08-22T15:51:48	Insertion started at: 2024-08-22T15:51:48.835Z
2024-08-22T15:52:05	Insertion ended at: 2024-08-22T15:52:05.419Z
2024-08-22T15:52:05	Total time taken: 0m 16s 582ms
2024-08-22T15:52:05	All users inserted.
2024-08-22T15:52:59	---------------------------------
2024-08-22T15:52:59	Inserting 200_000 users ...
2024-08-22T15:52:59	Batch size: 10_000
2024-08-22T15:52:59	Index type: DROP
2024-08-22T15:52:59	INNODB_FLUSH_LOG_AT_TRX_COMMIT: 0
2024-08-22T15:52:59	Insertion started at: 2024-08-22T15:52:59.782Z
2024-08-22T15:53:02	Insertion ended at: 2024-08-22T15:53:02.083Z
2024-08-22T15:53:02	Total time taken: 0m 2s 302ms
2024-08-22T15:53:02	All users inserted.
2024-08-22T15:53:29	---------------------------------
2024-08-22T15:53:29	Inserting 500_000 users ...
2024-08-22T15:53:29	Batch size: 100_000
2024-08-22T15:53:29	Index type: DROP
2024-08-22T15:53:29	INNODB_FLUSH_LOG_AT_TRX_COMMIT: 0
2024-08-22T15:53:29	Insertion started at: 2024-08-22T15:53:29.774Z
2024-08-22T15:53:37	Insertion ended at: 2024-08-22T15:53:37.273Z
2024-08-22T15:53:37	Total time taken: 0m 7s 499ms
2024-08-22T15:53:37	All users inserted.
2024-08-22T15:54:45	---------------------------------
2024-08-22T15:54:45	Inserting 900_000 users ...
2024-08-22T15:54:45	Batch size: 300_000
2024-08-22T15:54:45	Index type: DROP
2024-08-22T15:54:45	INNODB_FLUSH_LOG_AT_TRX_COMMIT: 0
2024-08-22T15:54:45	Insertion started at: 2024-08-22T15:54:45.893Z
2024-08-22T15:55:00	Insertion ended at: 2024-08-22T15:55:00.053Z
2024-08-22T15:55:00	Total time taken: 0m 14s 160ms
2024-08-22T15:55:00	All users inserted.
2024-08-22T15:55:25	-------------------
2024-08-22T15:55:25	Creating index with type: HASH
2024-08-22T15:55:25	Start at: 2024-08-22T15:55:25.676Z
2024-08-22T15:57:28	End at: 2024-08-22T15:57:28.905Z
2024-08-22T15:57:28	Delta time: 2m 3s 228ms
2024-08-22T16:00:20	---------------------------------
2024-08-22T16:00:20	Select data from users table
2024-08-22T16:00:20	Index type: HASH
2024-08-22T16:00:20	LIMIT 500_000 rows
2024-08-22T16:00:20	---
2024-08-22T16:00:20	Querying data by username = john (without index)
2024-08-22T16:00:20	Start at: 2024-08-22T16:00:20.083Z
2024-08-22T16:01:20	End at: 2024-08-22T16:01:20.049Z
2024-08-22T16:01:20	Delta time: 0m 59s 965ms
2024-08-22T16:01:20	Selected 500000 rows
2024-08-22T16:01:20	---
2024-08-22T16:01:20	Querying data by birthdate < 1990-01-01 (with index)
2024-08-22T16:01:20	Start at: 2024-08-22T16:01:20.118Z
2024-08-22T16:07:51	End at: 2024-08-22T16:07:51.898Z
2024-08-22T16:07:51	Delta time: 6m 31s 806ms
2024-08-22T16:07:51	Selected 500000 rows
2024-08-22T16:07:51	Querying data by birthdate > 1990-01-01 (with index)
2024-08-22T16:07:51	Start at: 2024-08-22T16:07:51.913Z
2024-08-22T16:11:32	End at: 2024-08-22T16:11:32.928Z
2024-08-22T16:11:32	Delta time: 3m 41s 14ms
2024-08-22T16:11:32	Selected 500000 rows
2024-08-22T16:11:32	---
2024-08-22T16:11:32	Querying data by birthdate between 1990-01-01 and 2000-01-01 (with index)
2024-08-22T16:11:32	Start at: 2024-08-22T16:11:32.961Z
2024-08-22T16:19:26	End at: 2024-08-22T16:19:26.419Z
2024-08-22T16:19:26	Delta time: 7m 53s 436ms
2024-08-22T16:19:26	Selected 500000 rows
2024-08-22T16:19:26	---
2024-08-22T16:19:26	Querying data by birthdate = 1990-01-01 (with index)
2024-08-22T16:19:26	Start at: 2024-08-22T16:19:26.432Z
2024-08-22T16:19:27	End at: 2024-08-22T16:19:27.943Z
2024-08-22T16:19:27	Delta time: 0m 1s 511ms
2024-08-22T16:19:27	Selected 3316 rows
2024-08-22T16:19:27	---
2024-08-22T16:19:27	Connection closed
2024-08-22T16:22:38	---------------------------------
2024-08-22T16:22:38	Inserting 200_000 users ...
2024-08-22T16:22:38	Batch size: 10_000
2024-08-22T16:22:38	Index type: HASH
2024-08-22T16:22:38	INNODB_FLUSH_LOG_AT_TRX_COMMIT: 0
2024-08-22T16:22:38	Insertion started at: 2024-08-22T16:22:38.203Z
2024-08-22T16:23:42	Insertion ended at: 2024-08-22T16:23:42.528Z
2024-08-22T16:23:42	Total time taken: 1m 4s 325ms
2024-08-22T16:23:42	All users inserted.
2024-08-22T16:24:01	---------------------------------
2024-08-22T16:24:01	Inserting 500_000 users ...
2024-08-22T16:24:01	Batch size: 100_000
2024-08-22T16:24:01	Index type: HASH
2024-08-22T16:24:01	INNODB_FLUSH_LOG_AT_TRX_COMMIT: 0
2024-08-22T16:24:01	Insertion started at: 2024-08-22T16:24:01.603Z
2024-08-22T16:24:30	Insertion ended at: 2024-08-22T16:24:30.055Z
2024-08-22T16:24:30	Total time taken: 0m 28s 452ms
2024-08-22T16:24:30	All users inserted.
2024-08-22T16:25:21	---------------------------------
2024-08-22T16:25:21	Inserting 900_000 users ...
2024-08-22T16:25:21	Batch size: 300_000
2024-08-22T16:25:21	Index type: HASH
2024-08-22T16:25:21	INNODB_FLUSH_LOG_AT_TRX_COMMIT: 0
2024-08-22T16:25:21	Insertion started at: 2024-08-22T16:25:21.383Z
2024-08-22T16:26:04	Insertion ended at: 2024-08-22T16:26:04.486Z
2024-08-22T16:26:04	Total time taken: 0m 43s 104ms
2024-08-22T16:26:04	All users inserted.
2024-08-22T16:28:51	---------------------------------
2024-08-22T16:28:51	Inserting 200_000 users ...
2024-08-22T16:28:51	Batch size: 10_000
2024-08-22T16:28:51	Index type: HASH
2024-08-22T16:28:51	INNODB_FLUSH_LOG_AT_TRX_COMMIT: 1
2024-08-22T16:28:51	Insertion started at: 2024-08-22T16:28:51.576Z
2024-08-22T16:28:55	Insertion ended at: 2024-08-22T16:28:55.690Z
2024-08-22T16:28:55	Total time taken: 0m 4s 114ms
2024-08-22T16:28:55	All users inserted.
2024-08-22T16:29:15	---------------------------------
2024-08-22T16:29:15	Inserting 500_000 users ...
2024-08-22T16:29:15	Batch size: 100_000
2024-08-22T16:29:15	Index type: HASH
2024-08-22T16:29:15	INNODB_FLUSH_LOG_AT_TRX_COMMIT: 1
2024-08-22T16:29:15	Insertion started at: 2024-08-22T16:29:15.660Z
2024-08-22T16:29:34	Insertion ended at: 2024-08-22T16:29:34.544Z
2024-08-22T16:29:34	Total time taken: 0m 18s 884ms
2024-08-22T16:29:34	All users inserted.
2024-08-22T16:30:00	---------------------------------
2024-08-22T16:30:00	Inserting 900_000 users ...
2024-08-22T16:30:00	Batch size: 300_000
2024-08-22T16:30:00	Index type: HASH
2024-08-22T16:30:00	INNODB_FLUSH_LOG_AT_TRX_COMMIT: 1
2024-08-22T16:30:00	Insertion started at: 2024-08-22T16:30:00.663Z
2024-08-22T16:30:42	Insertion ended at: 2024-08-22T16:30:42.426Z
2024-08-22T16:30:42	Total time taken: 0m 41s 765ms
2024-08-22T16:30:42	All users inserted.
2024-08-22T16:33:03	---------------------------------
2024-08-22T16:33:03	Inserting 200_000 users ...
2024-08-22T16:33:03	Batch size: 10_000
2024-08-22T16:33:03	Index type: HASH
2024-08-22T16:33:03	INNODB_FLUSH_LOG_AT_TRX_COMMIT: 2
2024-08-22T16:33:03	Insertion started at: 2024-08-22T16:33:03.523Z
2024-08-22T16:33:08	Insertion ended at: 2024-08-22T16:33:08.563Z
2024-08-22T16:33:08	Total time taken: 0m 5s 42ms
2024-08-22T16:33:08	All users inserted.
2024-08-22T16:33:22	---------------------------------
2024-08-22T16:33:22	Inserting 500_000 users ...
2024-08-22T16:33:22	Batch size: 100_000
2024-08-22T16:33:22	Index type: HASH
2024-08-22T16:33:22	INNODB_FLUSH_LOG_AT_TRX_COMMIT: 2
2024-08-22T16:33:22	Insertion started at: 2024-08-22T16:33:22.673Z
2024-08-22T16:33:42	Insertion ended at: 2024-08-22T16:33:42.658Z
2024-08-22T16:33:42	Total time taken: 0m 19s 991ms
2024-08-22T16:33:42	All users inserted.
2024-08-22T16:34:52	---------------------------------
2024-08-22T16:34:52	Inserting 900_000 users ...
2024-08-22T16:34:52	Batch size: 300_000
2024-08-22T16:34:52	Index type: HASH
2024-08-22T16:34:52	INNODB_FLUSH_LOG_AT_TRX_COMMIT: 2
2024-08-22T16:34:52	Insertion started at: 2024-08-22T16:34:52.561Z
2024-08-22T16:35:18	Insertion ended at: 2024-08-22T16:35:18.777Z
2024-08-22T16:35:18	Total time taken: 0m 26s 216ms
2024-08-22T16:35:18	All users inserted.
2024-08-22T16:36:05	-------------------
2024-08-22T16:36:05	DROP index
2024-08-22T16:36:05	Start at: 2024-08-22T16:36:05.983Z
2024-08-22T16:36:06	End at: 2024-08-22T16:36:06.293Z
2024-08-22T16:36:06	Delta time: 0m 0s 310ms
2024-08-22T16:44:50	---------------------------------
2024-08-22T16:44:50	Select data from users table
2024-08-22T16:44:50	Index type: DROP
2024-08-22T16:44:50	LIMIT 500_000 rows
2024-08-22T16:44:50	---
2024-08-22T16:44:50	Querying data by username = john (without index)
2024-08-22T16:44:50	Start at: 2024-08-22T16:44:50.669Z
2024-08-22T16:45:27	End at: 2024-08-22T16:45:27.436Z
2024-08-22T16:45:27	Delta time: 0m 36s 767ms
2024-08-22T16:45:27	Selected 500000 rows
2024-08-22T16:45:27	---
2024-08-22T16:45:27	Querying data by birthdate < 1990-01-01 (with index)
2024-08-22T16:45:27	Start at: 2024-08-22T16:45:27.448Z
2024-08-22T16:45:30	End at: 2024-08-22T16:45:30.925Z
2024-08-22T16:45:30	Delta time: 0m 3s 476ms
2024-08-22T16:45:30	Selected 500000 rows
2024-08-22T16:45:30	Querying data by birthdate > 1990-01-01 (with index)
2024-08-22T16:45:30	Start at: 2024-08-22T16:45:30.927Z
2024-08-22T16:45:32	End at: 2024-08-22T16:45:32.373Z
2024-08-22T16:45:32	Delta time: 0m 1s 445ms
2024-08-22T16:45:32	Selected 500000 rows
2024-08-22T16:45:32	---
2024-08-22T16:45:32	Querying data by birthdate between 1990-01-01 and 2000-01-01 (with index)
2024-08-22T16:45:32	Start at: 2024-08-22T16:45:32.373Z
2024-08-22T16:45:34	End at: 2024-08-22T16:45:34.097Z
2024-08-22T16:45:34	Delta time: 0m 1s 724ms
2024-08-22T16:45:34	Selected 500000 rows
2024-08-22T16:45:34	---
2024-08-22T16:45:34	Querying data by birthdate = 1990-01-01 (with index)
2024-08-22T16:45:34	Start at: 2024-08-22T16:45:34.098Z
2024-08-22T16:46:19	End at: 2024-08-22T16:46:19.964Z
2024-08-22T16:46:20	Delta time: 0m 45s 866ms
2024-08-22T16:46:20	Selected 3531 rows
2024-08-22T16:46:20	---
2024-08-22T16:46:20	Connection closed
